Grammar

    0 $accept: program $end

    1 program: program term
    2        | term

    3 term: OP
    4     | NEQ
    5     | LEQ
    6     | GEQ
    7     | INC
    8     | DEC
    9     | EQ
   10     | ADDASS
   11     | SUBASS
   12     | MULASS
   13     | DIVASS
   14     | MIN
   15     | MAX
   16     | INT
   17     | CHAR
   18     | BOOL
   19     | AND
   20     | OR
   21     | FOR
   22     | TO
   23     | DO
   24     | NOT
   25     | BY
   26     | WHILE
   27     | IF
   28     | ID
   29     | THEN
   30     | ELSE
   31     | STATIC
   32     | RETURN
   33     | BREAK
   34     | PRECOMPILER
   35     | NUMCONST
   36     | BOOLCONST
   37     | CHARCONST
   38     | STRINGCONST
   39     | ERROR


Terminals, with rules where they appear

$end (0) 0
error (256)
OP (258) 3
NEQ (259) 4
LEQ (260) 5
GEQ (261) 6
INC (262) 7
DEC (263) 8
EQ (264) 9
ADDASS (265) 10
SUBASS (266) 11
MULASS (267) 12
DIVASS (268) 13
MIN (269) 14
MAX (270) 15
INT (271) 16
CHAR (272) 17
BOOL (273) 18
AND (274) 19
OR (275) 20
FOR (276) 21
TO (277) 22
DO (278) 23
NOT (279) 24
BY (280) 25
WHILE (281) 26
IF (282) 27
THEN (283) 29
ELSE (284) 30
STATIC (285) 31
RETURN (286) 32
BREAK (287) 33
PRECOMPILER (288) 34
ID (289) 28
NUMCONST (290) 35
BOOLCONST (291) 36
CHARCONST (292) 37
STRINGCONST (293) 38
ERROR (294) 39


Nonterminals, with rules where they appear

$accept (40)
    on left: 0
program (41)
    on left: 1 2, on right: 0 1
term (42)
    on left: 3 4 5 6 7 8 9 10 11 12 13 14 15 16 17 18 19 20 21 22 23
    24 25 26 27 28 29 30 31 32 33 34 35 36 37 38 39, on right: 1 2


State 0

    0 $accept: . program $end

    OP           shift, and go to state 1
    NEQ          shift, and go to state 2
    LEQ          shift, and go to state 3
    GEQ          shift, and go to state 4
    INC          shift, and go to state 5
    DEC          shift, and go to state 6
    EQ           shift, and go to state 7
    ADDASS       shift, and go to state 8
    SUBASS       shift, and go to state 9
    MULASS       shift, and go to state 10
    DIVASS       shift, and go to state 11
    MIN          shift, and go to state 12
    MAX          shift, and go to state 13
    INT          shift, and go to state 14
    CHAR         shift, and go to state 15
    BOOL         shift, and go to state 16
    AND          shift, and go to state 17
    OR           shift, and go to state 18
    FOR          shift, and go to state 19
    TO           shift, and go to state 20
    DO           shift, and go to state 21
    NOT          shift, and go to state 22
    BY           shift, and go to state 23
    WHILE        shift, and go to state 24
    IF           shift, and go to state 25
    THEN         shift, and go to state 26
    ELSE         shift, and go to state 27
    STATIC       shift, and go to state 28
    RETURN       shift, and go to state 29
    BREAK        shift, and go to state 30
    PRECOMPILER  shift, and go to state 31
    ID           shift, and go to state 32
    NUMCONST     shift, and go to state 33
    BOOLCONST    shift, and go to state 34
    CHARCONST    shift, and go to state 35
    STRINGCONST  shift, and go to state 36
    ERROR        shift, and go to state 37

    program  go to state 38
    term     go to state 39


State 1

    3 term: OP .

    $default  reduce using rule 3 (term)


State 2

    4 term: NEQ .

    $default  reduce using rule 4 (term)


State 3

    5 term: LEQ .

    $default  reduce using rule 5 (term)


State 4

    6 term: GEQ .

    $default  reduce using rule 6 (term)


State 5

    7 term: INC .

    $default  reduce using rule 7 (term)


State 6

    8 term: DEC .

    $default  reduce using rule 8 (term)


State 7

    9 term: EQ .

    $default  reduce using rule 9 (term)


State 8

   10 term: ADDASS .

    $default  reduce using rule 10 (term)


State 9

   11 term: SUBASS .

    $default  reduce using rule 11 (term)


State 10

   12 term: MULASS .

    $default  reduce using rule 12 (term)


State 11

   13 term: DIVASS .

    $default  reduce using rule 13 (term)


State 12

   14 term: MIN .

    $default  reduce using rule 14 (term)


State 13

   15 term: MAX .

    $default  reduce using rule 15 (term)


State 14

   16 term: INT .

    $default  reduce using rule 16 (term)


State 15

   17 term: CHAR .

    $default  reduce using rule 17 (term)


State 16

   18 term: BOOL .

    $default  reduce using rule 18 (term)


State 17

   19 term: AND .

    $default  reduce using rule 19 (term)


State 18

   20 term: OR .

    $default  reduce using rule 20 (term)


State 19

   21 term: FOR .

    $default  reduce using rule 21 (term)


State 20

   22 term: TO .

    $default  reduce using rule 22 (term)


State 21

   23 term: DO .

    $default  reduce using rule 23 (term)


State 22

   24 term: NOT .

    $default  reduce using rule 24 (term)


State 23

   25 term: BY .

    $default  reduce using rule 25 (term)


State 24

   26 term: WHILE .

    $default  reduce using rule 26 (term)


State 25

   27 term: IF .

    $default  reduce using rule 27 (term)


State 26

   29 term: THEN .

    $default  reduce using rule 29 (term)


State 27

   30 term: ELSE .

    $default  reduce using rule 30 (term)


State 28

   31 term: STATIC .

    $default  reduce using rule 31 (term)


State 29

   32 term: RETURN .

    $default  reduce using rule 32 (term)


State 30

   33 term: BREAK .

    $default  reduce using rule 33 (term)


State 31

   34 term: PRECOMPILER .

    $default  reduce using rule 34 (term)


State 32

   28 term: ID .

    $default  reduce using rule 28 (term)


State 33

   35 term: NUMCONST .

    $default  reduce using rule 35 (term)


State 34

   36 term: BOOLCONST .

    $default  reduce using rule 36 (term)


State 35

   37 term: CHARCONST .

    $default  reduce using rule 37 (term)


State 36

   38 term: STRINGCONST .

    $default  reduce using rule 38 (term)


State 37

   39 term: ERROR .

    $default  reduce using rule 39 (term)


State 38

    0 $accept: program . $end
    1 program: program . term

    $end         shift, and go to state 40
    OP           shift, and go to state 1
    NEQ          shift, and go to state 2
    LEQ          shift, and go to state 3
    GEQ          shift, and go to state 4
    INC          shift, and go to state 5
    DEC          shift, and go to state 6
    EQ           shift, and go to state 7
    ADDASS       shift, and go to state 8
    SUBASS       shift, and go to state 9
    MULASS       shift, and go to state 10
    DIVASS       shift, and go to state 11
    MIN          shift, and go to state 12
    MAX          shift, and go to state 13
    INT          shift, and go to state 14
    CHAR         shift, and go to state 15
    BOOL         shift, and go to state 16
    AND          shift, and go to state 17
    OR           shift, and go to state 18
    FOR          shift, and go to state 19
    TO           shift, and go to state 20
    DO           shift, and go to state 21
    NOT          shift, and go to state 22
    BY           shift, and go to state 23
    WHILE        shift, and go to state 24
    IF           shift, and go to state 25
    THEN         shift, and go to state 26
    ELSE         shift, and go to state 27
    STATIC       shift, and go to state 28
    RETURN       shift, and go to state 29
    BREAK        shift, and go to state 30
    PRECOMPILER  shift, and go to state 31
    ID           shift, and go to state 32
    NUMCONST     shift, and go to state 33
    BOOLCONST    shift, and go to state 34
    CHARCONST    shift, and go to state 35
    STRINGCONST  shift, and go to state 36
    ERROR        shift, and go to state 37

    term  go to state 41


State 39

    2 program: term .

    $default  reduce using rule 2 (program)


State 40

    0 $accept: program $end .

    $default  accept


State 41

    1 program: program term .

    $default  reduce using rule 1 (program)
